<?xml version="1.0" encoding="UTF-8"?><testsuite errors="0" failures="0" name="com.gorest.crudtest.UserCRUDTest" skipped="0" tests="5" time="17.74" timestamp="2023-06-05T15:41:12.516+01:00[Europe/London]"><testcase classname="com.gorest.crudtest.UserCRUDTest" name="This will create new user"/><testcase classname="com.gorest.crudtest.UserCRUDTest" name="This will get all user"/><testcase classname="com.gorest.crudtest.UserCRUDTest" name="Verify if the user was added to the application"/><testcase classname="com.gorest.crudtest.UserCRUDTest" name="Update the user information and verify the updated information"/><testcase classname="com.gorest.crudtest.UserCRUDTest" name="Delete the user and verify if the user is deleted"/></testsuite>